# JRE version: 7.0_25-b17
# Java VM: Java HotSpot(TM) Client VM (23.25-b01 mixed mode, sharing windows-x86 )
Heap
 def new generation   total 4928K, used 818K [0x28060000, 0x285b0000, 0x2d5b0000)
  eden space 4416K,   6% used [0x28060000, 0x280acb40, 0x284b0000)
  from space 512K, 100% used [0x284b0000, 0x28530000, 0x28530000)
  to   space 512K,   0% used [0x28530000, 0x28530000, 0x285b0000)
 tenured generation   total 10944K, used 6915K [0x2d5b0000, 0x2e060000, 0x38060000)
   the space 10944K,  63% used [0x2d5b0000, 0x2dc70ee8, 0x2dc71000, 0x2e060000)
 compacting perm gen  total 12288K, used 11602K [0x38060000, 0x38c60000, 0x3c060000)
   the space 12288K,  94% used [0x38060000, 0x38bb49c8, 0x38bb4a00, 0x38c60000)
    ro space 10240K,  42% used [0x3c060000, 0x3c4a4240, 0x3c4a4400, 0x3ca60000)
    rw space 12288K,  54% used [0x3ca60000, 0x3d0e4d58, 0x3d0e4e00, 0x3d660000)
GC Heap History (10 events):
Event: 1.214 GC heap before
{Heap before GC invocations=15 (full 0):
 def new generation   total 4928K, used 4928K [0x28060000, 0x285b0000, 0x2d5b0000)
  eden space 4416K, 100% used [0x28060000, 0x284b0000, 0x284b0000)
  from space 512K, 100% used [0x28530000, 0x285b0000, 0x285b0000)
  to   space 512K,   0% used [0x284b0000, 0x284b0000, 0x28530000)
 tenured generation   total 10944K, used 4863K [0x2d5b0000, 0x2e060000, 0x38060000)
   the space 10944K,  44% used [0x2d5b0000, 0x2da6ff68, 0x2da70000, 0x2e060000)
 compacting perm gen  total 12288K, used 8707K [0x38060000, 0x38c60000, 0x3c060000)
   the space 12288K,  70% used [0x38060000, 0x388e0c60, 0x388e0e00, 0x38c60000)
    ro space 10240K,  42% used [0x3c060000, 0x3c4a4240, 0x3c4a4400, 0x3ca60000)
    rw space 12288K,  54% used [0x3ca60000, 0x3d0e4d58, 0x3d0e4e00, 0x3d660000)
Event: 1.217 GC heap after
Heap after GC invocations=16 (full 0):
 def new generation   total 4928K, used 511K [0x28060000, 0x285b0000, 0x2d5b0000)
  eden space 4416K,   0% used [0x28060000, 0x28060000, 0x284b0000)
  from space 512K,  99% used [0x284b0000, 0x2852fff8, 0x28530000)
  to   space 512K,   0% used [0x28530000, 0x28530000, 0x285b0000)
 tenured generation   total 10944K, used 5377K [0x2d5b0000, 0x2e060000, 0x38060000)
   the space 10944K,  49% used [0x2d5b0000, 0x2daf06a0, 0x2daf0800, 0x2e060000)
 compacting perm gen  total 12288K, used 8707K [0x38060000, 0x38c60000, 0x3c060000)
   the space 12288K,  70% used [0x38060000, 0x388e0c60, 0x388e0e00, 0x38c60000)
    ro space 10240K,  42% used [0x3c060000, 0x3c4a4240, 0x3c4a4400, 0x3ca60000)
    rw space 12288K,  54% used [0x3ca60000, 0x3d0e4d58, 0x3d0e4e00, 0x3d660000)
}
Event: 1.296 GC heap before
{Heap before GC invocations=16 (full 0):
 def new generation   total 4928K, used 4927K [0x28060000, 0x285b0000, 0x2d5b0000)
  eden space 4416K, 100% used [0x28060000, 0x284b0000, 0x284b0000)
  from space 512K,  99% used [0x284b0000, 0x2852fff8, 0x28530000)
  to   space 512K,   0% used [0x28530000, 0x28530000, 0x285b0000)
 tenured generation   total 10944K, used 5377K [0x2d5b0000, 0x2e060000, 0x38060000)
   the space 10944K,  49% used [0x2d5b0000, 0x2daf06a0, 0x2daf0800, 0x2e060000)
 compacting perm gen  total 12288K, used 9399K [0x38060000, 0x38c60000, 0x3c060000)
   the space 12288K,  76% used [0x38060000, 0x3898def0, 0x3898e000, 0x38c60000)
    ro space 10240K,  42% used [0x3c060000, 0x3c4a4240, 0x3c4a4400, 0x3ca60000)
    rw space 12288K,  54% used [0x3ca60000, 0x3d0e4d58, 0x3d0e4e00, 0x3d660000)
Event: 1.299 GC heap after
Heap after GC invocations=17 (full 0):
 def new generation   total 4928K, used 512K [0x28060000, 0x285b0000, 0x2d5b0000)
  eden space 4416K,   0% used [0x28060000, 0x28060000, 0x284b0000)
  from space 512K, 100% used [0x28530000, 0x285b0000, 0x285b0000)
  to   space 512K,   0% used [0x284b0000, 0x284b0000, 0x28530000)
 tenured generation   total 10944K, used 5871K [0x2d5b0000, 0x2e060000, 0x38060000)
   the space 10944K,  53% used [0x2d5b0000, 0x2db6bc00, 0x2db6bc00, 0x2e060000)
 compacting perm gen  total 12288K, used 9399K [0x38060000, 0x38c60000, 0x3c060000)
   the space 12288K,  76% used [0x38060000, 0x3898def0, 0x3898e000, 0x38c60000)
    ro space 10240K,  42% used [0x3c060000, 0x3c4a4240, 0x3c4a4400, 0x3ca60000)
    rw space 12288K,  54% used [0x3ca60000, 0x3d0e4d58, 0x3d0e4e00, 0x3d660000)
}
Event: 1.430 GC heap before
{Heap before GC invocations=17 (full 0):
 def new generation   total 4928K, used 4928K [0x28060000, 0x285b0000, 0x2d5b0000)
  eden space 4416K, 100% used [0x28060000, 0x284b0000, 0x284b0000)
  from space 512K, 100% used [0x28530000, 0x285b0000, 0x285b0000)
  to   space 512K,   0% used [0x284b0000, 0x284b0000, 0x28530000)
 tenured generation   total 10944K, used 5871K [0x2d5b0000, 0x2e060000, 0x38060000)
   the space 10944K,  53% used [0x2d5b0000, 0x2db6bc00, 0x2db6bc00, 0x2e060000)
 compacting perm gen  total 12288K, used 10424K [0x38060000, 0x38c60000, 0x3c060000)
   the space 12288K,  84% used [0x38060000, 0x38a8e270, 0x38a8e400, 0x38c60000)
    ro space 10240K,  42% used [0x3c060000, 0x3c4a4240, 0x3c4a4400, 0x3ca60000)
    rw space 12288K,  54% used [0x3ca60000, 0x3d0e4d58, 0x3d0e4e00, 0x3d660000)
Event: 1.433 GC heap after
Heap after GC invocations=18 (full 0):
 def new generation   total 4928K, used 512K [0x28060000, 0x285b0000, 0x2d5b0000)
  eden space 4416K,   0% used [0x28060000, 0x28060000, 0x284b0000)
  from space 512K, 100% used [0x284b0000, 0x28530000, 0x28530000)
  to   space 512K,   0% used [0x28530000, 0x28530000, 0x285b0000)
 tenured generation   total 10944K, used 6469K [0x2d5b0000, 0x2e060000, 0x38060000)
   the space 10944K,  59% used [0x2d5b0000, 0x2dc01668, 0x2dc01800, 0x2e060000)
 compacting perm gen  total 12288K, used 10424K [0x38060000, 0x38c60000, 0x3c060000)
   the space 12288K,  84% used [0x38060000, 0x38a8e270, 0x38a8e400, 0x38c60000)
    ro space 10240K,  42% used [0x3c060000, 0x3c4a4240, 0x3c4a4400, 0x3ca60000)
    rw space 12288K,  54% used [0x3ca60000, 0x3d0e4d58, 0x3d0e4e00, 0x3d660000)
}
Event: 1.731 GC heap before
{Heap before GC invocations=18 (full 0):
 def new generation   total 4928K, used 4928K [0x28060000, 0x285b0000, 0x2d5b0000)
  eden space 4416K, 100% used [0x28060000, 0x284b0000, 0x284b0000)
  from space 512K, 100% used [0x284b0000, 0x28530000, 0x28530000)
  to   space 512K,   0% used [0x28530000, 0x28530000, 0x285b0000)
 tenured generation   total 10944K, used 6469K [0x2d5b0000, 0x2e060000, 0x38060000)
   the space 10944K,  59% used [0x2d5b0000, 0x2dc01668, 0x2dc01800, 0x2e060000)
 compacting perm gen  total 12288K, used 11157K [0x38060000, 0x38c60000, 0x3c060000)
   the space 12288K,  90% used [0x38060000, 0x38b457b0, 0x38b45800, 0x38c60000)
    ro space 10240K,  42% used [0x3c060000, 0x3c4a4240, 0x3c4a4400, 0x3ca60000)
    rw space 12288K,  54% used [0x3ca60000, 0x3d0e4d58, 0x3d0e4e00, 0x3d660000)
Event: 1.735 GC heap after
Heap after GC invocations=19 (full 0):
 def new generation   total 4928K, used 512K [0x28060000, 0x285b0000, 0x2d5b0000)
  eden space 4416K,   0% used [0x28060000, 0x28060000, 0x284b0000)
  from space 512K, 100% used [0x28530000, 0x285b0000, 0x285b0000)
  to   space 512K,   0% used [0x284b0000, 0x284b0000, 0x28530000)
 tenured generation   total 10944K, used 6656K [0x2d5b0000, 0x2e060000, 0x38060000)
   the space 10944K,  60% used [0x2d5b0000, 0x2dc30010, 0x2dc30200, 0x2e060000)
 compacting perm gen  total 12288K, used 11157K [0x38060000, 0x38c60000, 0x3c060000)
   the space 12288K,  90% used [0x38060000, 0x38b457b0, 0x38b45800, 0x38c60000)
    ro space 10240K,  42% used [0x3c060000, 0x3c4a4240, 0x3c4a4400, 0x3ca60000)
    rw space 12288K,  54% used [0x3ca60000, 0x3d0e4d58, 0x3d0e4e00, 0x3d660000)
}
Event: 11.206 GC heap before
{Heap before GC invocations=19 (full 0):
 def new generation   total 4928K, used 4928K [0x28060000, 0x285b0000, 0x2d5b0000)
  eden space 4416K, 100% used [0x28060000, 0x284b0000, 0x284b0000)
  from space 512K, 100% used [0x28530000, 0x285b0000, 0x285b0000)
  to   space 512K,   0% used [0x284b0000, 0x284b0000, 0x28530000)
 tenured generation   total 10944K, used 6656K [0x2d5b0000, 0x2e060000, 0x38060000)
   the space 10944K,  60% used [0x2d5b0000, 0x2dc30010, 0x2dc30200, 0x2e060000)
 compacting perm gen  total 12288K, used 11576K [0x38060000, 0x38c60000, 0x3c060000)
   the space 12288K,  94% used [0x38060000, 0x38bae140, 0x38bae200, 0x38c60000)
    ro space 10240K,  42% used [0x3c060000, 0x3c4a4240, 0x3c4a4400, 0x3ca60000)
    rw space 12288K,  54% used [0x3ca60000, 0x3d0e4d58, 0x3d0e4e00, 0x3d660000)
Event: 11.210 GC heap after
Heap after GC invocations=20 (full 0):
 def new generation   total 4928K, used 512K [0x28060000, 0x285b0000, 0x2d5b0000)
  eden space 4416K,   0% used [0x28060000, 0x28060000, 0x284b0000)
  from space 512K, 100% used [0x284b0000, 0x28530000, 0x28530000)
  to   space 512K,   0% used [0x28530000, 0x28530000, 0x285b0000)
 tenured generation   total 10944K, used 6915K [0x2d5b0000, 0x2e060000, 0x38060000)
   the space 10944K,  63% used [0x2d5b0000, 0x2dc70ee8, 0x2dc71000, 0x2e060000)
 compacting perm gen  total 12288K, used 11576K [0x38060000, 0x38c60000, 0x3c060000)
   the space 12288K,  94% used [0x38060000, 0x38bae140, 0x38bae200, 0x38c60000)
    ro space 10240K,  42% used [0x3c060000, 0x3c4a4240, 0x3c4a4400, 0x3ca60000)
    rw space 12288K,  54% used [0x3ca60000, 0x3d0e4d58, 0x3d0e4e00, 0x3d660000)
}

