# JRE version: 7.0_25-b17
# Java VM: Java HotSpot(TM) Client VM (23.25-b01 mixed mode, sharing windows-x86 )
Heap
 def new generation   total 4928K, used 3273K [0x28060000, 0x285b0000, 0x2d5b0000)
  eden space 4416K,  67% used [0x28060000, 0x2834b268, 0x284b0000)
  from space 512K,  55% used [0x284b0000, 0x284f72b8, 0x28530000)
  to   space 512K,   0% used [0x28530000, 0x28530000, 0x285b0000)
 tenured generation   total 10944K, used 6867K [0x2d5b0000, 0x2e060000, 0x38060000)
   the space 10944K,  62% used [0x2d5b0000, 0x2dc64ee8, 0x2dc65000, 0x2e060000)
 compacting perm gen  total 12288K, used 11462K [0x38060000, 0x38c60000, 0x3c060000)
   the space 12288K,  93% used [0x38060000, 0x38b91bf0, 0x38b91c00, 0x38c60000)
    ro space 10240K,  42% used [0x3c060000, 0x3c4a4240, 0x3c4a4400, 0x3ca60000)
    rw space 12288K,  54% used [0x3ca60000, 0x3d0e4d58, 0x3d0e4e00, 0x3d660000)
GC Heap History (10 events):
Event: 1.196 GC heap before
{Heap before GC invocations=15 (full 0):
 def new generation   total 4928K, used 4927K [0x28060000, 0x285b0000, 0x2d5b0000)
  eden space 4416K, 100% used [0x28060000, 0x284b0000, 0x284b0000)
  from space 512K,  99% used [0x28530000, 0x285afff8, 0x285b0000)
  to   space 512K,   0% used [0x284b0000, 0x284b0000, 0x28530000)
 tenured generation   total 10944K, used 4835K [0x2d5b0000, 0x2e060000, 0x38060000)
   the space 10944K,  44% used [0x2d5b0000, 0x2da68d88, 0x2da68e00, 0x2e060000)
 compacting perm gen  total 12288K, used 8707K [0x38060000, 0x38c60000, 0x3c060000)
   the space 12288K,  70% used [0x38060000, 0x388e0c70, 0x388e0e00, 0x38c60000)
    ro space 10240K,  42% used [0x3c060000, 0x3c4a4240, 0x3c4a4400, 0x3ca60000)
    rw space 12288K,  54% used [0x3ca60000, 0x3d0e4d58, 0x3d0e4e00, 0x3d660000)
Event: 1.199 GC heap after
Heap after GC invocations=16 (full 0):
 def new generation   total 4928K, used 511K [0x28060000, 0x285b0000, 0x2d5b0000)
  eden space 4416K,   0% used [0x28060000, 0x28060000, 0x284b0000)
  from space 512K,  99% used [0x284b0000, 0x2852fff8, 0x28530000)
  to   space 512K,   0% used [0x28530000, 0x28530000, 0x285b0000)
 tenured generation   total 10944K, used 5352K [0x2d5b0000, 0x2e060000, 0x38060000)
   the space 10944K,  48% used [0x2d5b0000, 0x2daea018, 0x2daea200, 0x2e060000)
 compacting perm gen  total 12288K, used 8707K [0x38060000, 0x38c60000, 0x3c060000)
   the space 12288K,  70% used [0x38060000, 0x388e0c70, 0x388e0e00, 0x38c60000)
    ro space 10240K,  42% used [0x3c060000, 0x3c4a4240, 0x3c4a4400, 0x3ca60000)
    rw space 12288K,  54% used [0x3ca60000, 0x3d0e4d58, 0x3d0e4e00, 0x3d660000)
}
Event: 1.274 GC heap before
{Heap before GC invocations=16 (full 0):
 def new generation   total 4928K, used 4927K [0x28060000, 0x285b0000, 0x2d5b0000)
  eden space 4416K, 100% used [0x28060000, 0x284b0000, 0x284b0000)
  from space 512K,  99% used [0x284b0000, 0x2852fff8, 0x28530000)
  to   space 512K,   0% used [0x28530000, 0x28530000, 0x285b0000)
 tenured generation   total 10944K, used 5352K [0x2d5b0000, 0x2e060000, 0x38060000)
   the space 10944K,  48% used [0x2d5b0000, 0x2daea018, 0x2daea200, 0x2e060000)
 compacting perm gen  total 12288K, used 9399K [0x38060000, 0x38c60000, 0x3c060000)
   the space 12288K,  76% used [0x38060000, 0x3898df00, 0x3898e000, 0x38c60000)
    ro space 10240K,  42% used [0x3c060000, 0x3c4a4240, 0x3c4a4400, 0x3ca60000)
    rw space 12288K,  54% used [0x3ca60000, 0x3d0e4d58, 0x3d0e4e00, 0x3d660000)
Event: 1.277 GC heap after
Heap after GC invocations=17 (full 0):
 def new generation   total 4928K, used 511K [0x28060000, 0x285b0000, 0x2d5b0000)
  eden space 4416K,   0% used [0x28060000, 0x28060000, 0x284b0000)
  from space 512K,  99% used [0x28530000, 0x285afff8, 0x285b0000)
  to   space 512K,   0% used [0x284b0000, 0x284b0000, 0x28530000)
 tenured generation   total 10944K, used 5844K [0x2d5b0000, 0x2e060000, 0x38060000)
   the space 10944K,  53% used [0x2d5b0000, 0x2db65220, 0x2db65400, 0x2e060000)
 compacting perm gen  total 12288K, used 9399K [0x38060000, 0x38c60000, 0x3c060000)
   the space 12288K,  76% used [0x38060000, 0x3898df00, 0x3898e000, 0x38c60000)
    ro space 10240K,  42% used [0x3c060000, 0x3c4a4240, 0x3c4a4400, 0x3ca60000)
    rw space 12288K,  54% used [0x3ca60000, 0x3d0e4d58, 0x3d0e4e00, 0x3d660000)
}
Event: 1.410 GC heap before
{Heap before GC invocations=17 (full 0):
 def new generation   total 4928K, used 4927K [0x28060000, 0x285b0000, 0x2d5b0000)
  eden space 4416K, 100% used [0x28060000, 0x284b0000, 0x284b0000)
  from space 512K,  99% used [0x28530000, 0x285afff8, 0x285b0000)
  to   space 512K,   0% used [0x284b0000, 0x284b0000, 0x28530000)
 tenured generation   total 10944K, used 5844K [0x2d5b0000, 0x2e060000, 0x38060000)
   the space 10944K,  53% used [0x2d5b0000, 0x2db65220, 0x2db65400, 0x2e060000)
 compacting perm gen  total 12288K, used 10424K [0x38060000, 0x38c60000, 0x3c060000)
   the space 12288K,  84% used [0x38060000, 0x38a8e280, 0x38a8e400, 0x38c60000)
    ro space 10240K,  42% used [0x3c060000, 0x3c4a4240, 0x3c4a4400, 0x3ca60000)
    rw space 12288K,  54% used [0x3ca60000, 0x3d0e4d58, 0x3d0e4e00, 0x3d660000)
Event: 1.414 GC heap after
Heap after GC invocations=18 (full 0):
 def new generation   total 4928K, used 511K [0x28060000, 0x285b0000, 0x2d5b0000)
  eden space 4416K,   0% used [0x28060000, 0x28060000, 0x284b0000)
  from space 512K,  99% used [0x284b0000, 0x2852fff8, 0x28530000)
  to   space 512K,   0% used [0x28530000, 0x28530000, 0x285b0000)
 tenured generation   total 10944K, used 6443K [0x2d5b0000, 0x2e060000, 0x38060000)
   the space 10944K,  58% used [0x2d5b0000, 0x2dbfae08, 0x2dbfb000, 0x2e060000)
 compacting perm gen  total 12288K, used 10424K [0x38060000, 0x38c60000, 0x3c060000)
   the space 12288K,  84% used [0x38060000, 0x38a8e280, 0x38a8e400, 0x38c60000)
    ro space 10240K,  42% used [0x3c060000, 0x3c4a4240, 0x3c4a4400, 0x3ca60000)
    rw space 12288K,  54% used [0x3ca60000, 0x3d0e4d58, 0x3d0e4e00, 0x3d660000)
}
Event: 1.701 GC heap before
{Heap before GC invocations=18 (full 0):
 def new generation   total 4928K, used 4927K [0x28060000, 0x285b0000, 0x2d5b0000)
  eden space 4416K, 100% used [0x28060000, 0x284b0000, 0x284b0000)
  from space 512K,  99% used [0x284b0000, 0x2852fff8, 0x28530000)
  to   space 512K,   0% used [0x28530000, 0x28530000, 0x285b0000)
 tenured generation   total 10944K, used 6443K [0x2d5b0000, 0x2e060000, 0x38060000)
   the space 10944K,  58% used [0x2d5b0000, 0x2dbfae08, 0x2dbfb000, 0x2e060000)
 compacting perm gen  total 12288K, used 11159K [0x38060000, 0x38c60000, 0x3c060000)
   the space 12288K,  90% used [0x38060000, 0x38b45c40, 0x38b45e00, 0x38c60000)
    ro space 10240K,  42% used [0x3c060000, 0x3c4a4240, 0x3c4a4400, 0x3ca60000)
    rw space 12288K,  54% used [0x3ca60000, 0x3d0e4d58, 0x3d0e4e00, 0x3d660000)
Event: 1.705 GC heap after
Heap after GC invocations=19 (full 0):
 def new generation   total 4928K, used 512K [0x28060000, 0x285b0000, 0x2d5b0000)
  eden space 4416K,   0% used [0x28060000, 0x28060000, 0x284b0000)
  from space 512K, 100% used [0x28530000, 0x285b0000, 0x285b0000)
  to   space 512K,   0% used [0x284b0000, 0x284b0000, 0x28530000)
 tenured generation   total 10944K, used 6633K [0x2d5b0000, 0x2e060000, 0x38060000)
   the space 10944K,  60% used [0x2d5b0000, 0x2dc2a448, 0x2dc2a600, 0x2e060000)
 compacting perm gen  total 12288K, used 11159K [0x38060000, 0x38c60000, 0x3c060000)
   the space 12288K,  90% used [0x38060000, 0x38b45c40, 0x38b45e00, 0x38c60000)
    ro space 10240K,  42% used [0x3c060000, 0x3c4a4240, 0x3c4a4400, 0x3ca60000)
    rw space 12288K,  54% used [0x3ca60000, 0x3d0e4d58, 0x3d0e4e00, 0x3d660000)
}
Event: 23.642 GC heap before
{Heap before GC invocations=19 (full 0):
 def new generation   total 4928K, used 4928K [0x28060000, 0x285b0000, 0x2d5b0000)
  eden space 4416K, 100% used [0x28060000, 0x284b0000, 0x284b0000)
  from space 512K, 100% used [0x28530000, 0x285b0000, 0x285b0000)
  to   space 512K,   0% used [0x284b0000, 0x284b0000, 0x28530000)
 tenured generation   total 10944K, used 6633K [0x2d5b0000, 0x2e060000, 0x38060000)
   the space 10944K,  60% used [0x2d5b0000, 0x2dc2a448, 0x2dc2a600, 0x2e060000)
 compacting perm gen  total 12288K, used 11312K [0x38060000, 0x38c60000, 0x3c060000)
   the space 12288K,  92% used [0x38060000, 0x38b6c030, 0x38b6c200, 0x38c60000)
    ro space 10240K,  42% used [0x3c060000, 0x3c4a4240, 0x3c4a4400, 0x3ca60000)
    rw space 12288K,  54% used [0x3ca60000, 0x3d0e4d58, 0x3d0e4e00, 0x3d660000)
Event: 23.648 GC heap after
Heap after GC invocations=20 (full 0):
 def new generation   total 4928K, used 284K [0x28060000, 0x285b0000, 0x2d5b0000)
  eden space 4416K,   0% used [0x28060000, 0x28060000, 0x284b0000)
  from space 512K,  55% used [0x284b0000, 0x284f72b8, 0x28530000)
  to   space 512K,   0% used [0x28530000, 0x28530000, 0x285b0000)
 tenured generation   total 10944K, used 6867K [0x2d5b0000, 0x2e060000, 0x38060000)
   the space 10944K,  62% used [0x2d5b0000, 0x2dc64ee8, 0x2dc65000, 0x2e060000)
 compacting perm gen  total 12288K, used 11312K [0x38060000, 0x38c60000, 0x3c060000)
   the space 12288K,  92% used [0x38060000, 0x38b6c030, 0x38b6c200, 0x38c60000)
    ro space 10240K,  42% used [0x3c060000, 0x3c4a4240, 0x3c4a4400, 0x3ca60000)
    rw space 12288K,  54% used [0x3ca60000, 0x3d0e4d58, 0x3d0e4e00, 0x3d660000)
}

